<?xml version="1.0" encoding="UTF-8"?>
<!-- Generated by org.testng.reporters.JUnitXMLReporter -->
<testsuite ignored="0" hostname="DESKTOP-IIJBI9M" failures="0" tests="4" name="Account page Test" time="21.666" errors="0" timestamp="20 Apr 2021 16:42:31 GMT">
  <testcase classname="com.qa.opencart.tests.AccountPageTest" name="accPageHeaderTest" time="2.087"/>
  <testcase classname="com.qa.opencart.tests.AccountPageTest" name="accPageTitleTest" time="0.034"/>
  <testcase classname="com.qa.opencart.tests.AccountPageTest" name="accSectionsListTest" time="0.255"/>
  <testcase classname="com.qa.opencart.tests.AccountPageTest" name="logoutLinkTest" time="1.046"/>
</testsuite> <!-- Account page Test -->
