<?xml version="1.0" encoding="UTF-8"?>
<!-- Generated by org.testng.reporters.JUnitXMLReporter -->
<testsuite ignored="0" hostname="DESKTOP-IIJBI9M" failures="0" tests="7" name="Login page Test" time="38.353" errors="0" timestamp="20 Apr 2021 16:42:48 GMT">
  <testcase classname="com.qa.opencart.tests.LoginPageTest" name="loginNegativeTest" time="6.956"/>
  <testcase classname="com.qa.opencart.tests.LoginPageTest" name="loginNegativeTest" time="7.492"/>
  <testcase classname="com.qa.opencart.tests.LoginPageTest" name="loginNegativeTest" time="8.289"/>
  <testcase classname="com.qa.opencart.tests.LoginPageTest" name="loginPageTitleTest" time="0.019"/>
  <testcase classname="com.qa.opencart.tests.LoginPageTest" name="loginPageUrlTest" time="0.019"/>
  <testcase classname="com.qa.opencart.tests.LoginPageTest" name="forgotPwdLinkTest" time="2.452"/>
  <testcase classname="com.qa.opencart.tests.LoginPageTest" name="loginTest" time="5.54"/>
</testsuite> <!-- Login page Test -->
