<?xml version="1.0" encoding="UTF-8"?>
<!-- Generated by org.testng.reporters.JUnitXMLReporter -->
<testsuite ignored="3" hostname="DESKTOP-IIJBI9M" failures="0" tests="3" name="ProductInfo page Test" time="32.759" errors="0" timestamp="20 Apr 2021 16:42:42 GMT">
  <testcase classname="com.qa.opencart.tests.ProductInfoTest" name="productCountTest" time="3.072"/>
  <testcase classname="com.qa.opencart.tests.ProductInfoTest" name="productCountTest" time="4.448"/>
  <testcase classname="com.qa.opencart.tests.ProductInfoTest" name="productCountTest" time="2.891"/>
  <testcase classname="com.qa.opencart.tests.ProductInfoTest" name="getProductInfoTest" time="0.0">
    <ignored/>
  </testcase> <!-- getProductInfoTest -->
  <testcase classname="com.qa.opencart.tests.ProductInfoTest" name="productInfoHeaderTest" time="0.0">
    <ignored/>
  </testcase> <!-- productInfoHeaderTest -->
  <testcase classname="com.qa.opencart.tests.ProductInfoTest" name="productImagesTest" time="0.0">
    <ignored/>
  </testcase> <!-- productImagesTest -->
</testsuite> <!-- ProductInfo page Test -->
